<?xml version="1.0" encoding="UTF-8"?>
<testsuite xmlns:xsi="http://www.w3.org/2001/XMLSchema-instance" xsi:noNamespaceSchemaLocation="https://maven.apache.org/surefire/maven-surefire-plugin/xsd/surefire-test-report-3.0.xsd" version="3.0" name="ec.edu.espe.arquitectura.wsproductosactivos.WsProductosActivosApplicationTests" time="7.915" tests="1" errors="0" skipped="0" failures="0">
  <properties>
[...]
</properties>
  <testcase name="contextLoads" classname="ec.edu.espe.arquitectura.wsproductosactivos.WsProductosActivosApplicationTests" time="1.45">
    <system-out><![CDATA[11:59:59.443 [main] INFO org.springframework.test.context.support.AnnotationConfigContextLoaderUtils -- Could not detect default configuration classes for test class [ec.edu.espe.arquitectura.wsproductosactivos.WsProductosActivosApplicationTests]: WsProductosActivosApplicationTests does not declare any static, non-private, non-final, nested classes annotated with @Configuration.
11:59:59.621 [main] INFO org.springframework.boot.test.context.SpringBootTestContextBootstrapper -- Found @SpringBootConfiguration ec.edu.espe.arquitectura.wsproductosactivos.WsProductosActivosApplication for test class ec.edu.espe.arquitectura.wsproductosactivos.WsProductosActivosApplicationTests

  .   ____          _            __ _ _
 /\\ / ___'_ __ _ _(_)_ __  __ _ \ \ \ \
( ( )\___ | '_ | '_| | '_ \/ _` | \ \ \ \
 \\/  ___)| |_)| | | | | || (_| |  ) ) ) )
  '  |____| .__|_| |_|_| |_\__, | / / / /
 =========|_|==============|___/=/_/_/_/
 :: Spring Boot ::                (v3.1.1)

2023-08-14T12:00:01.136-05:00  INFO 29268 --- [           main] e.a.w.WsProductosActivosApplicationTests : Starting WsProductosActivosApplicationTests using Java 17.0.7 with PID 29268 (started by Admin in c:\Users\Admin\Documents\GitHub\PaginaWeb\myfirstreactapp\banquito-ws-productos-activos)
2023-08-14T12:00:01.139-05:00  INFO 29268 --- [           main] e.a.w.WsProductosActivosApplicationTests : No active profile set, falling back to 1 default profile: "default"
2023-08-14T12:00:02.456-05:00  INFO 29268 --- [           main] .s.d.r.c.RepositoryConfigurationDelegate : Bootstrapping Spring Data MongoDB repositories in DEFAULT mode.
2023-08-14T12:00:02.579-05:00  INFO 29268 --- [           main] .s.d.r.c.RepositoryConfigurationDelegate : Finished Spring Data repository scanning in 113 ms. Found 1 MongoDB repository interfaces.
2023-08-14T12:00:03.621-05:00  INFO 29268 --- [ape.mongodb.net] org.mongodb.driver.cluster               : Adding discovered server ac-wniojsz-shard-00-00.ztbsape.mongodb.net:27017 to client view of cluster
2023-08-14T12:00:03.677-05:00  INFO 29268 --- [           main] org.mongodb.driver.client                : MongoClient with metadata {"driver": {"name": "mongo-java-driver|sync|spring-boot", "version": "4.9.1"}, "os": {"type": "Windows", "name": "Windows 11", "architecture": "amd64", "version": "10.0"}, "platform": "Java/Eclipse Adoptium/17.0.7+7"} created with settings MongoClientSettings{readPreference=primary, writeConcern=WriteConcern{w=null, wTimeout=null ms, journal=null}, retryWrites=true, retryReads=true, readConcern=ReadConcern{level=null}, credential=MongoCredential{mechanism=null, userName='saochoa1', source='admin', password=<hidden>, mechanismProperties=<hidden>}, streamFactoryFactory=null, commandListeners=[], codecRegistry=ProvidersCodecRegistry{codecProviders=[ValueCodecProvider{}, BsonValueCodecProvider{}, DBRefCodecProvider{}, DBObjectCodecProvider{}, DocumentCodecProvider{}, CollectionCodecProvider{}, IterableCodecProvider{}, MapCodecProvider{}, GeoJsonCodecProvider{}, GridFSFileCodecProvider{}, Jsr310CodecProvider{}, JsonObjectCodecProvider{}, BsonCodecProvider{}, EnumCodecProvider{}, com.mongodb.client.model.mql.ExpressionCodecProvider@3c6c4689, com.mongodb.Jep395RecordCodecProvider@63cf9de0]}, loggerSettings=LoggerSettings{maxDocumentLength=1000}, clusterSettings={hosts=[127.0.0.1:27017], srvHost=clusterbanquito.ztbsape.mongodb.net, srvServiceName=mongodb, mode=MULTIPLE, requiredClusterType=REPLICA_SET, requiredReplicaSetName='atlas-1qswsv-shard-0', serverSelector='null', clusterListeners='[]', serverSelectionTimeout='30000 ms', localThreshold='30000 ms'}, socketSettings=SocketSettings{connectTimeoutMS=10000, readTimeoutMS=0, receiveBufferSize=0, sendBufferSize=0}, heartbeatSocketSettings=SocketSettings{connectTimeoutMS=10000, readTimeoutMS=10000, receiveBufferSize=0, sendBufferSize=0}, connectionPoolSettings=ConnectionPoolSettings{maxSize=100, minSize=0, maxWaitTimeMS=120000, maxConnectionLifeTimeMS=0, maxConnectionIdleTimeMS=0, maintenanceInitialDelayMS=0, maintenanceFrequencyMS=60000, connectionPoolListeners=[], maxConnecting=2}, serverSettings=ServerSettings{heartbeatFrequencyMS=10000, minHeartbeatFrequencyMS=500, serverListeners='[]', serverMonitorListeners='[]'}, sslSettings=SslSettings{enabled=true, invalidHostNameAllowed=false, context=null}, applicationName='null', compressorList=[], uuidRepresentation=JAVA_LEGACY, serverApi=null, autoEncryptionSettings=null, contextProvider=null}
2023-08-14T12:00:03.695-05:00  INFO 29268 --- [ape.mongodb.net] org.mongodb.driver.cluster               : Adding discovered server ac-wniojsz-shard-00-01.ztbsape.mongodb.net:27017 to client view of cluster
2023-08-14T12:00:03.698-05:00  INFO 29268 --- [ape.mongodb.net] org.mongodb.driver.cluster               : Adding discovered server ac-wniojsz-shard-00-02.ztbsape.mongodb.net:27017 to client view of cluster
2023-08-14T12:00:04.833-05:00  INFO 29268 --- [ngodb.net:27017] org.mongodb.driver.cluster               : Monitor thread successfully connected to server with description ServerDescription{address=ac-wniojsz-shard-00-02.ztbsape.mongodb.net:27017, type=REPLICA_SET_SECONDARY, state=CONNECTED, ok=true, minWireVersion=0, maxWireVersion=17, maxDocumentSize=16777216, logicalSessionTimeoutMinutes=30, roundTripTimeNanos=585966500, setName='atlas-1qswsv-shard-0', canonicalAddress=ac-wniojsz-shard-00-02.ztbsape.mongodb.net:27017, hosts=[ac-wniojsz-shard-00-00.ztbsape.mongodb.net:27017, ac-wniojsz-shard-00-01.ztbsape.mongodb.net:27017, ac-wniojsz-shard-00-02.ztbsape.mongodb.net:27017], passives=[], arbiters=[], primary='ac-wniojsz-shard-00-01.ztbsape.mongodb.net:27017', tagSet=TagSet{[Tag{name='nodeType', value='ELECTABLE'}, Tag{name='provider', value='AWS'}, Tag{name='region', value='US_EAST_1'}, Tag{name='workloadType', value='OPERATIONAL'}]}, electionId=null, setVersion=1, topologyVersion=TopologyVersion{processId=64d52f269db29be9c7e4ed97, counter=3}, lastWriteDate=Mon Aug 14 12:00:04 ECT 2023, lastUpdateTimeNanos=28638575205200}
2023-08-14T12:00:04.833-05:00  INFO 29268 --- [ngodb.net:27017] org.mongodb.driver.cluster               : Monitor thread successfully connected to server with description ServerDescription{address=ac-wniojsz-shard-00-00.ztbsape.mongodb.net:27017, type=REPLICA_SET_SECONDARY, state=CONNECTED, ok=true, minWireVersion=0, maxWireVersion=17, maxDocumentSize=16777216, logicalSessionTimeoutMinutes=30, roundTripTimeNanos=585571300, setName='atlas-1qswsv-shard-0', canonicalAddress=ac-wniojsz-shard-00-00.ztbsape.mongodb.net:27017, hosts=[ac-wniojsz-shard-00-00.ztbsape.mongodb.net:27017, ac-wniojsz-shard-00-01.ztbsape.mongodb.net:27017, ac-wniojsz-shard-00-02.ztbsape.mongodb.net:27017], passives=[], arbiters=[], primary='ac-wniojsz-shard-00-01.ztbsape.mongodb.net:27017', tagSet=TagSet{[Tag{name='nodeType', value='ELECTABLE'}, Tag{name='provider', value='AWS'}, Tag{name='region', value='US_EAST_1'}, Tag{name='workloadType', value='OPERATIONAL'}]}, electionId=null, setVersion=1, topologyVersion=TopologyVersion{processId=64d52d52e85f2e1ae2a9cd48, counter=5}, lastWriteDate=Mon Aug 14 12:00:04 ECT 2023, lastUpdateTimeNanos=28638574830600}
2023-08-14T12:00:04.833-05:00  INFO 29268 --- [ngodb.net:27017] org.mongodb.driver.cluster               : Monitor thread successfully connected to server with description ServerDescription{address=ac-wniojsz-shard-00-01.ztbsape.mongodb.net:27017, type=REPLICA_SET_PRIMARY, state=CONNECTED, ok=true, minWireVersion=0, maxWireVersion=17, maxDocumentSize=16777216, logicalSessionTimeoutMinutes=30, roundTripTimeNanos=585839800, setName='atlas-1qswsv-shard-0', canonicalAddress=ac-wniojsz-shard-00-01.ztbsape.mongodb.net:27017, hosts=[ac-wniojsz-shard-00-00.ztbsape.mongodb.net:27017, ac-wniojsz-shard-00-01.ztbsape.mongodb.net:27017, ac-wniojsz-shard-00-02.ztbsape.mongodb.net:27017], passives=[], arbiters=[], primary='ac-wniojsz-shard-00-01.ztbsape.mongodb.net:27017', tagSet=TagSet{[Tag{name='nodeType', value='ELECTABLE'}, Tag{name='provider', value='AWS'}, Tag{name='region', value='US_EAST_1'}, Tag{name='workloadType', value='OPERATIONAL'}]}, electionId=7fffffff0000000000000008, setVersion=1, topologyVersion=TopologyVersion{processId=64d52e37051f5a63c21af1f6, counter=6}, lastWriteDate=Mon Aug 14 12:00:04 ECT 2023, lastUpdateTimeNanos=28638575078100}
2023-08-14T12:00:04.842-05:00  INFO 29268 --- [ngodb.net:27017] org.mongodb.driver.cluster               : Discovered replica set primary ac-wniojsz-shard-00-01.ztbsape.mongodb.net:27017 with max election id 7fffffff0000000000000008 and max set version 1
2023-08-14T12:00:05.644-05:00  INFO 29268 --- [           main] e.a.w.WsProductosActivosApplicationTests : Started WsProductosActivosApplicationTests in 5.463 seconds (process running for 7.249)
]]></system-out>
  </testcase>
</testsuite>